E:\temp20140115\调度台项目\48墙体\36D台面.dwg,模型,2015/1/12 星期一 10:03:01,k,DWG To PDF.pc3,ISO expand A4 (210.00 x 297.00 毫米),1:17.5641,
E:\temp20140115\调度台项目\48墙体\36D台面.dwg,模型,2015/1/12 星期一 10:04:25,k,DWG To PDF.pc3,ISO expand A4 (210.00 x 297.00 毫米),1:17.5641,
E:\temp20140115\调度台项目\48墙体\36D台面.dwg,模型,2015/1/12 星期一 10:05:46,k,DWG To PDF.pc3,ISO expand A4 (210.00 x 297.00 毫米),1:17.5641,
E:\temp20140115\调度台项目\48墙体\36D台面.dwg,模型,2015/1/12 星期一 10:07:47,k,DWG To PDF.pc3,ISO expand A4 (210.00 x 297.00 毫米),1:17.5641,
D:\新产品图纸\技术图纸\调度平台图纸\台面图纸\36D台面_recover.dwg,模型,2015/4/13 星期一 11:35:40,k,Adobe PDF,A4,1:16.6415,
D:\新产品图纸\技术图纸\调度平台图纸\台面图纸\36D台面_recover.dwg,模型,2015/4/17 星期五 15:42:42,k,Adobe PDF,A4,1:16.6415,
D:\新产品图纸\技术图纸\调度平台图纸\台面图纸\36D台面_recover.dwg,模型,2015/4/20 星期一 10:00:54,k,Adobe PDF,A4,1:16.6415,
D:\新产品图纸\技术图纸\调度平台图纸\台面图纸\36D台面_recover.dwg,模型,2015/4/20 星期一 10:01:34,k,Adobe PDF,A4,1:16.6415,
D:\新产品图纸\技术图纸\调度平台图纸\台面图纸\台面图纸.dwg,模型,2015/5/18 星期一 10:27:38,k,Adobe PDF,A4,1:16.6415,
D:\新产品图纸\技术图纸\调度平台图纸\台面图纸\台面图纸.dwg,模型,2015/6/11 星期四 18:19:49,k,Adobe PDF,A4,1:16.6415,
D:\新产品图纸\技术图纸\调度平台图纸\台面图纸\台面图纸.dwg,模型,2015/6/24 星期三 11:22:53,k,Adobe PDF,A4,1:16.6415,
D:\新产品图纸\技术图纸\调度平台图纸\台面图纸\台面图纸.dwg,模型,2015/6/24 星期三 11:32:00,k,Adobe PDF,A4,1:16.6415,
D:\新产品图纸\技术图纸\调度平台图纸\台面图纸\台面图纸.dwg,模型,2015/7/17 星期五 14:14:41,k,Adobe PDF,A4,1:16.6415,
D:\新产品图纸\技术图纸\调度平台图纸\台面图纸\台面图纸.dwg,模型,2015/7/17 星期五 15:02:51,k,Adobe PDF,A4,1:16.6415,
D:\新产品图纸\技术图纸\调度平台图纸\台面图纸\台面图纸.dwg,模型,2015/7/17 星期五 15:03:57,k,Adobe PDF,A4,1:16.6415,
D:\新产品图纸\技术图纸\调度平台图纸\台面图纸\台面图纸.dwg,模型,2015/7/17 星期五 15:04:47,k,Adobe PDF,A4,1:16.6415,
D:\新产品图纸\技术图纸\调度平台图纸\台面图纸\台面图纸.dwg,模型,2015/7/17 星期五 15:05:20,k,Adobe PDF,A4,1:16.6415,
D:\新产品图纸\技术图纸\调度平台图纸\台面图纸\台面图纸.dwg,模型,2015/7/17 星期五 15:05:49,k,Adobe PDF,A4,1:16.6415,
D:\新产品图纸\技术图纸\调度平台图纸\台面图纸\台面图纸.dwg,模型,2015/7/17 星期五 15:06:21,k,Adobe PDF,A4,1:16.6415,
D:\新产品图纸\技术图纸\调度平台图纸\台面图纸\台面图纸.dwg,模型,2015/7/17 星期五 15:06:42,k,Adobe PDF,A4,1:16.6415,
